<?xml version="1.0" encoding="UTF-8"?>
<!-- Generated by org.testng.reporters.JUnitReportReporter -->
<testsuite hostname="Chozhan" failures="0" tests="1" name="testcases.RestAssuredOAuth2" time="2.991" errors="0" timestamp="2024-09-17T13:44:56 IST" skipped="0">
  <testcase classname="testcases.RestAssuredOAuth2" name="test2" time="2.991"/>
  <system-out/>
</testsuite> <!-- testcases.RestAssuredOAuth2 -->
