<?xml version="1.0" encoding="UTF-8"?>
<!-- Generated by org.testng.reporters.JUnitReportReporter -->
<testsuite hostname="Chozhan" failures="0" tests="1" name="testcases.POST_Request_fakestoreAPIs" time="2.769" errors="0" timestamp="2024-06-17T15:48:52 IST" skipped="0">
  <testcase classname="testcases.POST_Request_fakestoreAPIs" name="test1_addproductusingJSONasString" time="2.769"/>
  <system-out/>
</testsuite> <!-- testcases.POST_Request_fakestoreAPIs -->
