<?xml version="1.0" encoding="UTF-8"?>
<!-- Generated by org.testng.reporters.JUnitReportReporter -->
<testsuite hostname="Chozhan" failures="0" tests="1" name="testcases.Pojo_Example" time="3.070" errors="0" timestamp="2024-09-12T15:09:29 IST" skipped="0">
  <testcase classname="testcases.Pojo_Example" name="createEmployeesJSONArray" time="3.070"/>
  <system-out/>
</testsuite> <!-- testcases.Pojo_Example -->
