<?xml version="1.0" encoding="UTF-8"?>
<!-- Generated by org.testng.reporters.JUnitReportReporter -->
<testsuite hostname="Chozhan" failures="0" tests="1" name="testcases.DELETE_RestAssured" time="2.253" errors="0" timestamp="2024-06-17T18:00:58 IST" skipped="0">
  <testcase classname="testcases.DELETE_RestAssured" name="getRequest1" time="2.253"/>
  <system-out/>
</testsuite> <!-- testcases.DELETE_RestAssured -->
