<?xml version="1.0" encoding="UTF-8"?>
<!-- Generated by org.testng.reporters.JUnitReportReporter -->
<testsuite hostname="Chozhan" failures="0" tests="9" name="testcases.TC_01" time="6.695" errors="0" timestamp="2024-06-09T12:22:17 IST" skipped="0">
  <testcase classname="testcases.TC_01" name="test_05" time="0.390"/>
  <system-out/>
  <testcase classname="testcases.TC_01" name="test_patch" time="2.438"/>
  <system-out/>
  <testcase classname="testcases.TC_01" name="test_03" time="0.089"/>
  <system-out/>
  <testcase classname="testcases.TC_01" name="test_delete" time="0.370"/>
  <system-out/>
  <testcase classname="testcases.TC_01" name="test_04" time="0.085"/>
  <system-out/>
  <testcase classname="testcases.TC_01" name="test_put" time="0.419"/>
  <system-out/>
  <testcase classname="testcases.TC_01" name="test_02" time="0.730"/>
  <system-out/>
  <testcase classname="testcases.TC_01" name="test_01" time="1.726"/>
  <system-out/>
  <testcase classname="testcases.TC_01" name="test_post" time="0.448"/>
  <system-out/>
</testsuite> <!-- testcases.TC_01 -->
