<?xml version="1.0" encoding="UTF-8"?>
<!-- Generated by org.testng.reporters.JUnitReportReporter -->
<testsuite hostname="Chozhan" failures="0" tests="4" name="testcases.GET_Request_fakestoreAPIs" time="2.752" errors="0" timestamp="2024-09-06T13:30:16 IST" skipped="3">
  <testcase classname="testcases.GET_Request_fakestoreAPIs" name="GetBooksDetails" time="2.752"/>
  <system-out/>
  <testcase classname="testcases.GET_Request_fakestoreAPIs" name="test3">
    <skipped/>
  </testcase> <!-- test3 -->
  <system-out/>
  <testcase classname="testcases.GET_Request_fakestoreAPIs" name="test2">
    <skipped/>
  </testcase> <!-- test2 -->
  <system-out/>
  <testcase classname="testcases.GET_Request_fakestoreAPIs" name="test1">
    <skipped/>
  </testcase> <!-- test1 -->
  <system-out/>
</testsuite> <!-- testcases.GET_Request_fakestoreAPIs -->
