<?xml version="1.0" encoding="UTF-8"?>
<!-- Generated by org.testng.reporters.JUnitReportReporter -->
<testsuite hostname="Chozhan" failures="0" tests="1" name="pages.Authorization" time="2.215" errors="0" timestamp="2024-06-09T12:37:44 IST" skipped="0">
  <testcase classname="pages.Authorization" name="Validate_Authorisation" time="2.215"/>
  <system-out/>
</testsuite> <!-- pages.Authorization -->
