<?xml version="1.0" encoding="UTF-8"?>
<!-- Generated by org.testng.reporters.JUnitReportReporter -->
<testsuite hostname="Chozhan" failures="0" tests="1" name="testcases.SerializationAndDeserialization" time="2.662" errors="0" timestamp="2024-06-22T13:47:21 IST" skipped="0">
  <testcase classname="testcases.SerializationAndDeserialization" name="CreateJSONObjectFromEmployeeClassObject" time="2.662"/>
  <system-out/>
</testsuite> <!-- testcases.SerializationAndDeserialization -->
